<?xml version="1.0" encoding="UTF-8"?>
<!-- Generated by org.testng.reporters.JUnitReportReporter -->
<testsuite hostname="thoriso-HP-EliteBook-850-G2" failures="0" tests="3" name="onlinesystems.Tests.SubmitOrderTest" time="44.999" errors="0" timestamp="2025-08-02T19:15:13 SAST" skipped="0">
  <testcase classname="onlinesystems.Tests.SubmitOrderTest" name="submitOrder" time="14.586"/>
  <testcase classname="onlinesystems.Tests.SubmitOrderTest" name="submitOrder" time="21.248"/>
  <testcase classname="onlinesystems.Tests.SubmitOrderTest" name="orderHistoryTest" time="9.165"/>
</testsuite> <!-- onlinesystems.Tests.SubmitOrderTest -->
