<?xml version="1.0" encoding="UTF-8"?>
<!-- Generated by org.testng.reporters.JUnitReportReporter -->
<testsuite hostname="thoriso-HP-EliteBook-850-G2" failures="0" tests="2" name="onlinesystems.Tests.ErrorValidationsTest" time="19.335" errors="0" timestamp="2025-08-02T19:15:13 SAST" skipped="0">
  <testcase classname="onlinesystems.Tests.ErrorValidationsTest" name="LoginValidation" time="10.571"/>
  <testcase classname="onlinesystems.Tests.ErrorValidationsTest" name="submitOrder" time="8.764"/>
</testsuite> <!-- onlinesystems.Tests.ErrorValidationsTest -->
