<?xml version="1.0" encoding="UTF-8"?>
<!-- Generated by org.testng.reporters.JUnitReportReporter -->
<testsuite hostname="thoriso-HP-EliteBook-850-G2" failures="0" tests="1" name="cucumber.TestNGTestRunner" time="22.574" errors="0" timestamp="2025-07-30T11:08:42 SAST" skipped="0">
  <testcase classname="cucumber.TestNGTestRunner" name="runScenario" time="22.574"/>
</testsuite> <!-- cucumber.TestNGTestRunner -->
