<?xml version="1.0" encoding="UTF-8"?>
<testsuite xmlns:xsi="http://www.w3.org/2001/XMLSchema-instance" xsi:noNamespaceSchemaLocation="https://maven.apache.org/surefire/maven-surefire-plugin/xsd/surefire-test-report.xsd" version="3.0.2" name="TestSuite" time="46.701" tests="5" errors="0" skipped="0" failures="0">
  <properties>
    <property name="java.specification.version" value="21"/>
    <property name="webdriver.chrome.driver" value="/home/thoriso/.cache/selenium/chromedriver/linux64/138.0.7204.183/chromedriver"/>
    <property name="sun.jnu.encoding" value="UTF-8"/>
    <property name="java.class.path" value="/home/thoriso/eclipse-workspace (copy)/EcommerceFrameWork/target/test-classes:/home/thoriso/eclipse-workspace (copy)/EcommerceFrameWork/target/classes:/home/thoriso/.m2/repository/org/seleniumhq/selenium/selenium-java/4.34.0/selenium-java-4.34.0.jar:/home/thoriso/.m2/repository/org/seleniumhq/selenium/selenium-api/4.34.0/selenium-api-4.34.0.jar:/home/thoriso/.m2/repository/org/jspecify/jspecify/1.0.0/jspecify-1.0.0.jar:/home/thoriso/.m2/repository/org/seleniumhq/selenium/selenium-chrome-driver/4.34.0/selenium-chrome-driver-4.34.0.jar:/home/thoriso/.m2/repository/com/google/auto/service/auto-service-annotations/1.1.1/auto-service-annotations-1.1.1.jar:/home/thoriso/.m2/repository/org/seleniumhq/selenium/selenium-chromium-driver/4.34.0/selenium-chromium-driver-4.34.0.jar:/home/thoriso/.m2/repository/org/seleniumhq/selenium/selenium-json/4.34.0/selenium-json-4.34.0.jar:/home/thoriso/.m2/repository/org/seleniumhq/selenium/selenium-manager/4.34.0/selenium-manager-4.34.0.jar:/home/thoriso/.m2/repository/org/seleniumhq/selenium/selenium-devtools-v136/4.34.0/selenium-devtools-v136-4.34.0.jar:/home/thoriso/.m2/repository/org/seleniumhq/selenium/selenium-devtools-v137/4.34.0/selenium-devtools-v137-4.34.0.jar:/home/thoriso/.m2/repository/org/seleniumhq/selenium/selenium-devtools-v138/4.34.0/selenium-devtools-v138-4.34.0.jar:/home/thoriso/.m2/repository/org/seleniumhq/selenium/selenium-edge-driver/4.34.0/selenium-edge-driver-4.34.0.jar:/home/thoriso/.m2/repository/org/seleniumhq/selenium/selenium-firefox-driver/4.34.0/selenium-firefox-driver-4.34.0.jar:/home/thoriso/.m2/repository/org/seleniumhq/selenium/selenium-http/4.34.0/selenium-http-4.34.0.jar:/home/thoriso/.m2/repository/org/seleniumhq/selenium/selenium-ie-driver/4.34.0/selenium-ie-driver-4.34.0.jar:/home/thoriso/.m2/repository/org/seleniumhq/selenium/selenium-remote-driver/4.34.0/selenium-remote-driver-4.34.0.jar:/home/thoriso/.m2/repository/com/google/guava/guava/33.4.8-jre/guava-33.4.8-jre.jar:/home/thoriso/.m2/repository/com/google/guava/failureaccess/1.0.3/failureaccess-1.0.3.jar:/home/thoriso/.m2/repository/com/google/guava/listenablefuture/9999.0-empty-to-avoid-conflict-with-guava/listenablefuture-9999.0-empty-to-avoid-conflict-with-guava.jar:/home/thoriso/.m2/repository/com/google/errorprone/error_prone_annotations/2.36.0/error_prone_annotations-2.36.0.jar:/home/thoriso/.m2/repository/com/google/j2objc/j2objc-annotations/3.0.0/j2objc-annotations-3.0.0.jar:/home/thoriso/.m2/repository/io/opentelemetry/opentelemetry-api/1.51.0/opentelemetry-api-1.51.0.jar:/home/thoriso/.m2/repository/io/opentelemetry/opentelemetry-context/1.51.0/opentelemetry-context-1.51.0.jar:/home/thoriso/.m2/repository/io/opentelemetry/opentelemetry-exporter-logging/1.51.0/opentelemetry-exporter-logging-1.51.0.jar:/home/thoriso/.m2/repository/io/opentelemetry/opentelemetry-sdk-common/1.51.0/opentelemetry-sdk-common-1.51.0.jar:/home/thoriso/.m2/repository/io/opentelemetry/opentelemetry-sdk-extension-autoconfigure-spi/1.51.0/opentelemetry-sdk-extension-autoconfigure-spi-1.51.0.jar:/home/thoriso/.m2/repository/io/opentelemetry/opentelemetry-sdk-extension-autoconfigure/1.51.0/opentelemetry-sdk-extension-autoconfigure-1.51.0.jar:/home/thoriso/.m2/repository/io/opentelemetry/opentelemetry-sdk-trace/1.51.0/opentelemetry-sdk-trace-1.51.0.jar:/home/thoriso/.m2/repository/io/opentelemetry/opentelemetry-sdk/1.51.0/opentelemetry-sdk-1.51.0.jar:/home/thoriso/.m2/repository/io/opentelemetry/opentelemetry-sdk-metrics/1.51.0/opentelemetry-sdk-metrics-1.51.0.jar:/home/thoriso/.m2/repository/io/opentelemetry/opentelemetry-sdk-logs/1.51.0/opentelemetry-sdk-logs-1.51.0.jar:/home/thoriso/.m2/repository/net/bytebuddy/byte-buddy/1.17.6/byte-buddy-1.17.6.jar:/home/thoriso/.m2/repository/org/seleniumhq/selenium/selenium-os/4.34.0/selenium-os-4.34.0.jar:/home/thoriso/.m2/repository/org/apache/commons/commons-exec/1.5.0/commons-exec-1.5.0.jar:/home/thoriso/.m2/repository/org/seleniumhq/selenium/selenium-safari-driver/4.34.0/selenium-safari-driver-4.34.0.jar:/home/thoriso/.m2/repository/org/seleniumhq/selenium/selenium-support/4.34.0/selenium-support-4.34.0.jar:/home/thoriso/.m2/repository/org/testng/testng/7.11.0/testng-7.11.0.jar:/home/thoriso/.m2/repository/org/slf4j/slf4j-api/2.0.16/slf4j-api-2.0.16.jar:/home/thoriso/.m2/repository/org/jcommander/jcommander/1.83/jcommander-1.83.jar:/home/thoriso/.m2/repository/org/webjars/jquery/3.7.1/jquery-3.7.1.jar:/home/thoriso/.m2/repository/com/aventstack/extentreports/5.1.2/extentreports-5.1.2.jar:/home/thoriso/.m2/repository/io/reactivex/rxjava3/rxjava/3.1.6/rxjava-3.1.6.jar:/home/thoriso/.m2/repository/org/reactivestreams/reactive-streams/1.0.4/reactive-streams-1.0.4.jar:/home/thoriso/.m2/repository/org/freemarker/freemarker/2.3.32/freemarker-2.3.32.jar:/home/thoriso/.m2/repository/org/projectlombok/lombok/1.18.26/lombok-1.18.26.jar:/home/thoriso/.m2/repository/com/google/code/gson/gson/2.10.1/gson-2.10.1.jar:/home/thoriso/.m2/repository/io/cucumber/cucumber-testng/7.26.0/cucumber-testng-7.26.0.jar:/home/thoriso/.m2/repository/org/apiguardian/apiguardian-api/1.1.2/apiguardian-api-1.1.2.jar:/home/thoriso/.m2/repository/io/cucumber/cucumber-core/7.26.0/cucumber-core-7.26.0.jar:/home/thoriso/.m2/repository/io/cucumber/cucumber-gherkin/7.26.0/cucumber-gherkin-7.26.0.jar:/home/thoriso/.m2/repository/io/cucumber/cucumber-gherkin-messages/7.26.0/cucumber-gherkin-messages-7.26.0.jar:/home/thoriso/.m2/repository/io/cucumber/gherkin/33.0.0/gherkin-33.0.0.jar:/home/thoriso/.m2/repository/io/cucumber/messages/28.0.0/messages-28.0.0.jar:/home/thoriso/.m2/repository/io/cucumber/pretty-formatter/0.3.0/pretty-formatter-0.3.0.jar:/home/thoriso/.m2/repository/io/cucumber/query/13.5.0/query-13.5.0.jar:/home/thoriso/.m2/repository/io/cucumber/testng-xml-formatter/0.4.0/testng-xml-formatter-0.4.0.jar:/home/thoriso/.m2/repository/io/cucumber/tag-expressions/6.1.2/tag-expressions-6.1.2.jar:/home/thoriso/.m2/repository/io/cucumber/cucumber-expressions/18.0.1/cucumber-expressions-18.0.1.jar:/home/thoriso/.m2/repository/io/cucumber/datatable/7.26.0/datatable-7.26.0.jar:/home/thoriso/.m2/repository/io/cucumber/cucumber-plugin/7.26.0/cucumber-plugin-7.26.0.jar:/home/thoriso/.m2/repository/io/cucumber/docstring/7.26.0/docstring-7.26.0.jar:/home/thoriso/.m2/repository/io/cucumber/html-formatter/21.13.0/html-formatter-21.13.0.jar:/home/thoriso/.m2/repository/io/cucumber/junit-xml-formatter/0.8.0/junit-xml-formatter-0.8.0.jar:/home/thoriso/.m2/repository/io/cucumber/ci-environment/10.0.1/ci-environment-10.0.1.jar:/home/thoriso/.m2/repository/io/cucumber/cucumber-java/7.26.0/cucumber-java-7.26.0.jar:/home/thoriso/.m2/repository/com/fasterxml/jackson/core/jackson-databind/2.19.1/jackson-databind-2.19.1.jar:/home/thoriso/.m2/repository/com/fasterxml/jackson/core/jackson-annotations/2.19.1/jackson-annotations-2.19.1.jar:/home/thoriso/.m2/repository/com/fasterxml/jackson/core/jackson-core/2.19.1/jackson-core-2.19.1.jar:/home/thoriso/.m2/repository/io/github/bonigarcia/webdrivermanager/6.1.0/webdrivermanager-6.1.0.jar:/home/thoriso/.m2/repository/com/github/docker-java/docker-java/3.5.0/docker-java-3.5.0.jar:/home/thoriso/.m2/repository/com/github/docker-java/docker-java-core/3.5.0/docker-java-core-3.5.0.jar:/home/thoriso/.m2/repository/com/github/docker-java/docker-java-api/3.5.0/docker-java-api-3.5.0.jar:/home/thoriso/.m2/repository/org/slf4j/jcl-over-slf4j/1.7.30/jcl-over-slf4j-1.7.30.jar:/home/thoriso/.m2/repository/com/github/docker-java/docker-java-transport-httpclient5/3.5.0/docker-java-transport-httpclient5-3.5.0.jar:/home/thoriso/.m2/repository/com/github/docker-java/docker-java-transport/3.5.0/docker-java-transport-3.5.0.jar:/home/thoriso/.m2/repository/net/java/dev/jna/jna/5.17.0/jna-5.17.0.jar:/home/thoriso/.m2/repository/org/brotli/dec/0.1.2/dec-0.1.2.jar:/home/thoriso/.m2/repository/org/apache/commons/commons-lang3/3.17.0/commons-lang3-3.17.0.jar:/home/thoriso/.m2/repository/org/apache/commons/commons-compress/1.27.1/commons-compress-1.27.1.jar:/home/thoriso/.m2/repository/commons-codec/commons-codec/1.17.1/commons-codec-1.17.1.jar:/home/thoriso/.m2/repository/commons-io/commons-io/2.16.1/commons-io-2.16.1.jar:/home/thoriso/.m2/repository/org/apache/httpcomponents/client5/httpclient5/5.4.3/httpclient5-5.4.3.jar:/home/thoriso/.m2/repository/org/apache/httpcomponents/core5/httpcore5/5.3.4/httpcore5-5.3.4.jar:/home/thoriso/.m2/repository/org/apache/httpcomponents/core5/httpcore5-h2/5.3.4/httpcore5-h2-5.3.4.jar:/home/thoriso/.m2/repository/net/java/dev/jna/jna-platform/5.13.0/jna-platform-5.13.0.jar:/home/thoriso/.m2/repository/TestNGNew/TestNGNew/0.0.1-SNAPSHOT/TestNGNew-0.0.1-SNAPSHOT.jar:"/>
    <property name="java.vm.vendor" value="Ubuntu"/>
    <property name="sun.arch.data.model" value="64"/>
    <property name="java.vendor.url" value="https://ubuntu.com/"/>
    <property name="user.timezone" value="Africa/Johannesburg"/>
    <property name="os.name" value="Linux"/>
    <property name="java.vm.specification.version" value="21"/>
    <property name="sun.java.launcher" value="SUN_STANDARD"/>
    <property name="user.country" value="ZA"/>
    <property name="sun.boot.library.path" value="/usr/lib/jvm/java-21-openjdk-amd64/lib"/>
    <property name="sun.java.command" value="/home/thoriso/eclipse-workspace (copy)/EcommerceFrameWork/target/surefire/surefirebooter-20250802191425811_3.jar /home/thoriso/eclipse-workspace (copy)/EcommerceFrameWork/target/surefire 2025-08-02T19-14-25_641-jvmRun1 surefire-20250802191425811_1tmp surefire_0-20250802191425811_2tmp"/>
    <property name="jdk.debug" value="release"/>
    <property name="surefire.test.class.path" value="/home/thoriso/eclipse-workspace (copy)/EcommerceFrameWork/target/test-classes:/home/thoriso/eclipse-workspace (copy)/EcommerceFrameWork/target/classes:/home/thoriso/.m2/repository/org/seleniumhq/selenium/selenium-java/4.34.0/selenium-java-4.34.0.jar:/home/thoriso/.m2/repository/org/seleniumhq/selenium/selenium-api/4.34.0/selenium-api-4.34.0.jar:/home/thoriso/.m2/repository/org/jspecify/jspecify/1.0.0/jspecify-1.0.0.jar:/home/thoriso/.m2/repository/org/seleniumhq/selenium/selenium-chrome-driver/4.34.0/selenium-chrome-driver-4.34.0.jar:/home/thoriso/.m2/repository/com/google/auto/service/auto-service-annotations/1.1.1/auto-service-annotations-1.1.1.jar:/home/thoriso/.m2/repository/org/seleniumhq/selenium/selenium-chromium-driver/4.34.0/selenium-chromium-driver-4.34.0.jar:/home/thoriso/.m2/repository/org/seleniumhq/selenium/selenium-json/4.34.0/selenium-json-4.34.0.jar:/home/thoriso/.m2/repository/org/seleniumhq/selenium/selenium-manager/4.34.0/selenium-manager-4.34.0.jar:/home/thoriso/.m2/repository/org/seleniumhq/selenium/selenium-devtools-v136/4.34.0/selenium-devtools-v136-4.34.0.jar:/home/thoriso/.m2/repository/org/seleniumhq/selenium/selenium-devtools-v137/4.34.0/selenium-devtools-v137-4.34.0.jar:/home/thoriso/.m2/repository/org/seleniumhq/selenium/selenium-devtools-v138/4.34.0/selenium-devtools-v138-4.34.0.jar:/home/thoriso/.m2/repository/org/seleniumhq/selenium/selenium-edge-driver/4.34.0/selenium-edge-driver-4.34.0.jar:/home/thoriso/.m2/repository/org/seleniumhq/selenium/selenium-firefox-driver/4.34.0/selenium-firefox-driver-4.34.0.jar:/home/thoriso/.m2/repository/org/seleniumhq/selenium/selenium-http/4.34.0/selenium-http-4.34.0.jar:/home/thoriso/.m2/repository/org/seleniumhq/selenium/selenium-ie-driver/4.34.0/selenium-ie-driver-4.34.0.jar:/home/thoriso/.m2/repository/org/seleniumhq/selenium/selenium-remote-driver/4.34.0/selenium-remote-driver-4.34.0.jar:/home/thoriso/.m2/repository/com/google/guava/guava/33.4.8-jre/guava-33.4.8-jre.jar:/home/thoriso/.m2/repository/com/google/guava/failureaccess/1.0.3/failureaccess-1.0.3.jar:/home/thoriso/.m2/repository/com/google/guava/listenablefuture/9999.0-empty-to-avoid-conflict-with-guava/listenablefuture-9999.0-empty-to-avoid-conflict-with-guava.jar:/home/thoriso/.m2/repository/com/google/errorprone/error_prone_annotations/2.36.0/error_prone_annotations-2.36.0.jar:/home/thoriso/.m2/repository/com/google/j2objc/j2objc-annotations/3.0.0/j2objc-annotations-3.0.0.jar:/home/thoriso/.m2/repository/io/opentelemetry/opentelemetry-api/1.51.0/opentelemetry-api-1.51.0.jar:/home/thoriso/.m2/repository/io/opentelemetry/opentelemetry-context/1.51.0/opentelemetry-context-1.51.0.jar:/home/thoriso/.m2/repository/io/opentelemetry/opentelemetry-exporter-logging/1.51.0/opentelemetry-exporter-logging-1.51.0.jar:/home/thoriso/.m2/repository/io/opentelemetry/opentelemetry-sdk-common/1.51.0/opentelemetry-sdk-common-1.51.0.jar:/home/thoriso/.m2/repository/io/opentelemetry/opentelemetry-sdk-extension-autoconfigure-spi/1.51.0/opentelemetry-sdk-extension-autoconfigure-spi-1.51.0.jar:/home/thoriso/.m2/repository/io/opentelemetry/opentelemetry-sdk-extension-autoconfigure/1.51.0/opentelemetry-sdk-extension-autoconfigure-1.51.0.jar:/home/thoriso/.m2/repository/io/opentelemetry/opentelemetry-sdk-trace/1.51.0/opentelemetry-sdk-trace-1.51.0.jar:/home/thoriso/.m2/repository/io/opentelemetry/opentelemetry-sdk/1.51.0/opentelemetry-sdk-1.51.0.jar:/home/thoriso/.m2/repository/io/opentelemetry/opentelemetry-sdk-metrics/1.51.0/opentelemetry-sdk-metrics-1.51.0.jar:/home/thoriso/.m2/repository/io/opentelemetry/opentelemetry-sdk-logs/1.51.0/opentelemetry-sdk-logs-1.51.0.jar:/home/thoriso/.m2/repository/net/bytebuddy/byte-buddy/1.17.6/byte-buddy-1.17.6.jar:/home/thoriso/.m2/repository/org/seleniumhq/selenium/selenium-os/4.34.0/selenium-os-4.34.0.jar:/home/thoriso/.m2/repository/org/apache/commons/commons-exec/1.5.0/commons-exec-1.5.0.jar:/home/thoriso/.m2/repository/org/seleniumhq/selenium/selenium-safari-driver/4.34.0/selenium-safari-driver-4.34.0.jar:/home/thoriso/.m2/repository/org/seleniumhq/selenium/selenium-support/4.34.0/selenium-support-4.34.0.jar:/home/thoriso/.m2/repository/org/testng/testng/7.11.0/testng-7.11.0.jar:/home/thoriso/.m2/repository/org/slf4j/slf4j-api/2.0.16/slf4j-api-2.0.16.jar:/home/thoriso/.m2/repository/org/jcommander/jcommander/1.83/jcommander-1.83.jar:/home/thoriso/.m2/repository/org/webjars/jquery/3.7.1/jquery-3.7.1.jar:/home/thoriso/.m2/repository/com/aventstack/extentreports/5.1.2/extentreports-5.1.2.jar:/home/thoriso/.m2/repository/io/reactivex/rxjava3/rxjava/3.1.6/rxjava-3.1.6.jar:/home/thoriso/.m2/repository/org/reactivestreams/reactive-streams/1.0.4/reactive-streams-1.0.4.jar:/home/thoriso/.m2/repository/org/freemarker/freemarker/2.3.32/freemarker-2.3.32.jar:/home/thoriso/.m2/repository/org/projectlombok/lombok/1.18.26/lombok-1.18.26.jar:/home/thoriso/.m2/repository/com/google/code/gson/gson/2.10.1/gson-2.10.1.jar:/home/thoriso/.m2/repository/io/cucumber/cucumber-testng/7.26.0/cucumber-testng-7.26.0.jar:/home/thoriso/.m2/repository/org/apiguardian/apiguardian-api/1.1.2/apiguardian-api-1.1.2.jar:/home/thoriso/.m2/repository/io/cucumber/cucumber-core/7.26.0/cucumber-core-7.26.0.jar:/home/thoriso/.m2/repository/io/cucumber/cucumber-gherkin/7.26.0/cucumber-gherkin-7.26.0.jar:/home/thoriso/.m2/repository/io/cucumber/cucumber-gherkin-messages/7.26.0/cucumber-gherkin-messages-7.26.0.jar:/home/thoriso/.m2/repository/io/cucumber/gherkin/33.0.0/gherkin-33.0.0.jar:/home/thoriso/.m2/repository/io/cucumber/messages/28.0.0/messages-28.0.0.jar:/home/thoriso/.m2/repository/io/cucumber/pretty-formatter/0.3.0/pretty-formatter-0.3.0.jar:/home/thoriso/.m2/repository/io/cucumber/query/13.5.0/query-13.5.0.jar:/home/thoriso/.m2/repository/io/cucumber/testng-xml-formatter/0.4.0/testng-xml-formatter-0.4.0.jar:/home/thoriso/.m2/repository/io/cucumber/tag-expressions/6.1.2/tag-expressions-6.1.2.jar:/home/thoriso/.m2/repository/io/cucumber/cucumber-expressions/18.0.1/cucumber-expressions-18.0.1.jar:/home/thoriso/.m2/repository/io/cucumber/datatable/7.26.0/datatable-7.26.0.jar:/home/thoriso/.m2/repository/io/cucumber/cucumber-plugin/7.26.0/cucumber-plugin-7.26.0.jar:/home/thoriso/.m2/repository/io/cucumber/docstring/7.26.0/docstring-7.26.0.jar:/home/thoriso/.m2/repository/io/cucumber/html-formatter/21.13.0/html-formatter-21.13.0.jar:/home/thoriso/.m2/repository/io/cucumber/junit-xml-formatter/0.8.0/junit-xml-formatter-0.8.0.jar:/home/thoriso/.m2/repository/io/cucumber/ci-environment/10.0.1/ci-environment-10.0.1.jar:/home/thoriso/.m2/repository/io/cucumber/cucumber-java/7.26.0/cucumber-java-7.26.0.jar:/home/thoriso/.m2/repository/com/fasterxml/jackson/core/jackson-databind/2.19.1/jackson-databind-2.19.1.jar:/home/thoriso/.m2/repository/com/fasterxml/jackson/core/jackson-annotations/2.19.1/jackson-annotations-2.19.1.jar:/home/thoriso/.m2/repository/com/fasterxml/jackson/core/jackson-core/2.19.1/jackson-core-2.19.1.jar:/home/thoriso/.m2/repository/io/github/bonigarcia/webdrivermanager/6.1.0/webdrivermanager-6.1.0.jar:/home/thoriso/.m2/repository/com/github/docker-java/docker-java/3.5.0/docker-java-3.5.0.jar:/home/thoriso/.m2/repository/com/github/docker-java/docker-java-core/3.5.0/docker-java-core-3.5.0.jar:/home/thoriso/.m2/repository/com/github/docker-java/docker-java-api/3.5.0/docker-java-api-3.5.0.jar:/home/thoriso/.m2/repository/org/slf4j/jcl-over-slf4j/1.7.30/jcl-over-slf4j-1.7.30.jar:/home/thoriso/.m2/repository/com/github/docker-java/docker-java-transport-httpclient5/3.5.0/docker-java-transport-httpclient5-3.5.0.jar:/home/thoriso/.m2/repository/com/github/docker-java/docker-java-transport/3.5.0/docker-java-transport-3.5.0.jar:/home/thoriso/.m2/repository/net/java/dev/jna/jna/5.17.0/jna-5.17.0.jar:/home/thoriso/.m2/repository/org/brotli/dec/0.1.2/dec-0.1.2.jar:/home/thoriso/.m2/repository/org/apache/commons/commons-lang3/3.17.0/commons-lang3-3.17.0.jar:/home/thoriso/.m2/repository/org/apache/commons/commons-compress/1.27.1/commons-compress-1.27.1.jar:/home/thoriso/.m2/repository/commons-codec/commons-codec/1.17.1/commons-codec-1.17.1.jar:/home/thoriso/.m2/repository/commons-io/commons-io/2.16.1/commons-io-2.16.1.jar:/home/thoriso/.m2/repository/org/apache/httpcomponents/client5/httpclient5/5.4.3/httpclient5-5.4.3.jar:/home/thoriso/.m2/repository/org/apache/httpcomponents/core5/httpcore5/5.3.4/httpcore5-5.3.4.jar:/home/thoriso/.m2/repository/org/apache/httpcomponents/core5/httpcore5-h2/5.3.4/httpcore5-h2-5.3.4.jar:/home/thoriso/.m2/repository/net/java/dev/jna/jna-platform/5.13.0/jna-platform-5.13.0.jar:/home/thoriso/.m2/repository/TestNGNew/TestNGNew/0.0.1-SNAPSHOT/TestNGNew-0.0.1-SNAPSHOT.jar:"/>
    <property name="sun.cpu.endian" value="little"/>
    <property name="user.home" value="/home/thoriso"/>
    <property name="user.language" value="en"/>
    <property name="java.specification.vendor" value="Oracle Corporation"/>
    <property name="java.version.date" value="2025-07-15"/>
    <property name="java.home" value="/usr/lib/jvm/java-21-openjdk-amd64"/>
    <property name="file.separator" value="/"/>
    <property name="basedir" value="/home/thoriso/eclipse-workspace (copy)/EcommerceFrameWork"/>
    <property name="java.vm.compressedOopsMode" value="Zero based"/>
    <property name="line.separator" value="&#10;"/>
    <property name="java.vm.specification.vendor" value="Oracle Corporation"/>
    <property name="java.specification.name" value="Java Platform API Specification"/>
    <property name="surefire.real.class.path" value="/home/thoriso/eclipse-workspace (copy)/EcommerceFrameWork/target/surefire/surefirebooter-20250802191425811_3.jar"/>
    <property name="sun.management.compiler" value="HotSpot 64-Bit Tiered Compilers"/>
    <property name="java.runtime.version" value="21.0.8+9-Ubuntu-0ubuntu122.04.1"/>
    <property name="user.name" value="thoriso"/>
    <property name="stdout.encoding" value="UTF-8"/>
    <property name="path.separator" value=":"/>
    <property name="os.version" value="5.15.0-151-generic"/>
    <property name="java.runtime.name" value="OpenJDK Runtime Environment"/>
    <property name="file.encoding" value="UTF-8"/>
    <property name="browser" value="chromeheadless"/>
    <property name="java.vm.name" value="OpenJDK 64-Bit Server VM"/>
    <property name="localRepository" value="/home/thoriso/.m2/repository"/>
    <property name="java.vendor.url.bug" value="https://bugs.launchpad.net/ubuntu/+source/openjdk-21"/>
    <property name="java.io.tmpdir" value="/tmp"/>
    <property name="java.version" value="21.0.8"/>
    <property name="user.dir" value="/home/thoriso/eclipse-workspace (copy)/EcommerceFrameWork"/>
    <property name="os.arch" value="amd64"/>
    <property name="java.vm.specification.name" value="Java Virtual Machine Specification"/>
    <property name="native.encoding" value="UTF-8"/>
    <property name="java.library.path" value="/usr/java/packages/lib:/usr/lib/x86_64-linux-gnu/jni:/lib/x86_64-linux-gnu:/usr/lib/x86_64-linux-gnu:/usr/lib/jni:/lib:/usr/lib"/>
    <property name="java.vm.info" value="mixed mode, sharing"/>
    <property name="stderr.encoding" value="UTF-8"/>
    <property name="java.vendor" value="Ubuntu"/>
    <property name="java.vm.version" value="21.0.8+9-Ubuntu-0ubuntu122.04.1"/>
    <property name="sun.io.unicode.encoding" value="UnicodeLittle"/>
    <property name="java.class.version" value="65.0"/>
  </properties>
  <testcase name="LoginValidation" classname="onlinesystems.Tests.ErrorValidationsTest" time="0.42">
    <system-err><![CDATA[SLF4J(W): No SLF4J providers were found.
SLF4J(W): Defaulting to no-operation (NOP) logger implementation
SLF4J(W): See https://www.slf4j.org/codes.html#noProviders for further details.
]]></system-err>
  </testcase>
  <testcase name="submitOrder" classname="onlinesystems.Tests.ErrorValidationsTest" time="0.895"/>
  <testcase name="submitOrder[{usrEmail=jakop.musk@x.com, pass=@One1234, productName=IPHONE 13 PRO}](1)" classname="onlinesystems.Tests.SubmitOrderTest" time="6.274"/>
  <testcase name="submitOrder[{usrEmail=jakop.musk@x.com, pass=@One1234, productName=ADIDAS ORIGINAL}](2)" classname="onlinesystems.Tests.SubmitOrderTest" time="11.535"/>
  <testcase name="orderHistoryTest" classname="onlinesystems.Tests.SubmitOrderTest" time="1.473"/>
</testsuite>