<?xml version="1.0" encoding="UTF-8"?>
<!-- Generated by org.testng.reporters.JUnitReportReporter -->
<testsuite hostname="thoriso-HP-EliteBook-850-G2" failures="0" tests="1" name="onlinesystems.Tests.ErrorValidations" time="8.913" errors="0" timestamp="2025-06-19T13:09:00 SAST" skipped="0">
  <testcase classname="onlinesystems.Tests.ErrorValidations" name="submitOrder" time="8.913"/>
</testsuite> <!-- onlinesystems.Tests.ErrorValidations -->
