<?xml version="1.0" encoding="UTF-8"?>
<!-- Generated by org.testng.reporters.JUnitReportReporter -->
<testsuite hostname="thoriso-HP-EliteBook-850-G2" failures="0" tests="2" name="onlinesystems.Tests.ErrorValidationsTest" time="22.741" errors="0" timestamp="2025-08-03T13:00:28 SAST" skipped="0">
  <testcase classname="onlinesystems.Tests.ErrorValidationsTest" name="submitOrder" time="14.104"/>
  <testcase classname="onlinesystems.Tests.ErrorValidationsTest" name="LoginValidation" time="8.637"/>
</testsuite> <!-- onlinesystems.Tests.ErrorValidationsTest -->
