<?xml version="1.0" encoding="UTF-8"?>
<!-- Generated by org.testng.reporters.JUnitReportReporter -->
<testsuite hostname="thoriso-HP-EliteBook-850-G2" failures="0" tests="2" name="onlinesystems.Tests.ErrorValidationsTest" time="25.692" errors="0" timestamp="2025-08-03T15:05:19 SAST" skipped="0">
  <testcase classname="onlinesystems.Tests.ErrorValidationsTest" name="LoginValidation" time="12.404"/>
  <testcase classname="onlinesystems.Tests.ErrorValidationsTest" name="submitOrder" time="13.288"/>
</testsuite> <!-- onlinesystems.Tests.ErrorValidationsTest -->
