<?xml version="1.0" encoding="UTF-8"?>
<!-- Generated by org.testng.reporters.JUnitReportReporter -->
<testsuite hostname="thoriso-HP-EliteBook-850-G2" failures="0" tests="3" name="onlinesystems.Tests.ErrorValidationsTest" time="53.206" errors="0" timestamp="2025-08-03T10:05:33 SAST" skipped="1">
  <testcase classname="onlinesystems.Tests.ErrorValidationsTest" name="LoginValidation" time="25.250">
    <skipped/>
  </testcase> <!-- LoginValidation -->
  <testcase classname="onlinesystems.Tests.ErrorValidationsTest" name="submitOrder" time="18.165"/>
  <testcase classname="onlinesystems.Tests.ErrorValidationsTest" name="LoginValidation" time="9.791"/>
</testsuite> <!-- onlinesystems.Tests.ErrorValidationsTest -->
