<?xml version="1.0" encoding="UTF-8"?>
<!-- Generated by org.testng.reporters.JUnitReportReporter -->
<testsuite hostname="thoriso-HP-EliteBook-850-G2" failures="0" tests="3" name="onlinesystems.Tests.SubmitOrderTest" time="53.415" errors="0" timestamp="2025-08-03T13:05:18 SAST" skipped="0">
  <testcase classname="onlinesystems.Tests.SubmitOrderTest" name="submitOrder" time="23.948"/>
  <testcase classname="onlinesystems.Tests.SubmitOrderTest" name="orderHistoryTest" time="10.149"/>
  <testcase classname="onlinesystems.Tests.SubmitOrderTest" name="submitOrder" time="19.318"/>
</testsuite> <!-- onlinesystems.Tests.SubmitOrderTest -->
