<?xml version="1.0" encoding="UTF-8"?>
<!-- Generated by org.testng.reporters.JUnitReportReporter -->
<testsuite hostname="thoriso-HP-EliteBook-850-G2" failures="0" tests="3" name="onlinesystems.Tests.SubmitOrderTest" time="48.452" errors="0" timestamp="2025-08-03T14:30:12 SAST" skipped="0">
  <testcase classname="onlinesystems.Tests.SubmitOrderTest" name="orderHistoryTest" time="10.670"/>
  <testcase classname="onlinesystems.Tests.SubmitOrderTest" name="submitOrder" time="13.263"/>
  <testcase classname="onlinesystems.Tests.SubmitOrderTest" name="submitOrder" time="24.519"/>
</testsuite> <!-- onlinesystems.Tests.SubmitOrderTest -->
