<?xml version="1.0" encoding="UTF-8"?>
<!-- Generated by org.testng.reporters.JUnitReportReporter -->
<testsuite hostname="thoriso-HP-EliteBook-850-G2" failures="0" tests="3" name="onlinesystems.Tests.SubmitOrderTest" time="61.325" errors="0" timestamp="2025-08-03T15:05:19 SAST" skipped="0">
  <testcase classname="onlinesystems.Tests.SubmitOrderTest" name="orderHistoryTest" time="12.735"/>
  <testcase classname="onlinesystems.Tests.SubmitOrderTest" name="submitOrder" time="27.375"/>
  <testcase classname="onlinesystems.Tests.SubmitOrderTest" name="submitOrder" time="21.215"/>
</testsuite> <!-- onlinesystems.Tests.SubmitOrderTest -->
