<?xml version="1.0" encoding="UTF-8"?>
<!-- Generated by org.testng.reporters.JUnitReportReporter -->
<testsuite hostname="thoriso-HP-EliteBook-850-G2" failures="0" tests="2" name="onlinesystems.Tests.ErrorValidationsTest" time="21.355" errors="0" timestamp="2025-08-03T14:30:12 SAST" skipped="0">
  <testcase classname="onlinesystems.Tests.ErrorValidationsTest" name="submitOrder" time="9.990"/>
  <testcase classname="onlinesystems.Tests.ErrorValidationsTest" name="LoginValidation" time="11.365"/>
</testsuite> <!-- onlinesystems.Tests.ErrorValidationsTest -->
